[2017-07-14 19:22:38] START
[2017-07-14 19:29:07] CREATE basics.py: 0
[2017-07-14 19:30:20] EDIT pluralsight/controllers/basics.py: 4
[2017-07-14 19:31:06] CREATE basics/helloworld.html: 0
[2017-07-14 19:32:38] EDIT pluralsight/views/basics/helloworld.html: 1
[2017-07-14 19:35:00] EDIT pluralsight/views/basics/helloworld.html: 3
[2017-07-14 19:35:17] EDIT pluralsight/views/basics/helloworld.html: 0
[2017-07-14 19:35:31] EDIT pluralsight/views/basics/helloworld.html: 0
[2017-07-14 19:36:07] EDIT pluralsight/views/basics/helloworld.html: 2
[2017-07-14 19:36:55] EDIT pluralsight/views/basics/helloworld.html: 1
[2017-07-14 19:37:17] EDIT pluralsight/views/basics/helloworld.html: 1
[2017-07-14 19:48:53] EDIT pluralsight/controllers/basics.py: 8
[2017-07-14 19:49:21] EDIT pluralsight/controllers/basics.py: 0
[2017-07-14 19:50:51] EDIT pluralsight/controllers/basics.py: 0
[2017-07-14 19:51:33] CREATE basics/request_args.html: 0
[2017-07-14 19:52:53] EDIT pluralsight/views/basics/request_args.html: 2
[2017-07-14 19:53:51] EDIT pluralsight/views/basics/request_args.html: 0
[2017-07-14 19:56:36] EDIT pluralsight/controllers/basics.py: 0
[2017-07-14 20:03:38] EDIT pluralsight/controllers/basics.py: 8
[2017-07-14 20:03:47] EDIT pluralsight/controllers/basics.py: 0
[2017-07-14 20:04:08] CREATE basics/request_vars.html: 0
[2017-07-14 20:05:41] EDIT pluralsight/views/basics/request_vars.html: 4
[2017-07-14 20:06:10] EDIT pluralsight/views/basics/request_vars.html: 3
[2017-07-14 20:06:22] EDIT pluralsight/views/basics/request_vars.html: 0
[2017-07-14 20:08:38] EDIT pluralsight/views/basics/request_vars.html: 0
[2017-07-14 20:11:36] EDIT pluralsight/controllers/basics.py: 1
[2017-07-14 20:11:41] EDIT pluralsight/controllers/basics.py: 0
[2017-07-14 20:13:14] EDIT pluralsight/controllers/basics.py: 0
[2017-07-14 20:15:39] EDIT pluralsight/views/basics/request_vars.html: 0
[2017-07-14 20:15:47] EDIT pluralsight/views/basics/request_vars.html: 0
[2017-07-14 20:16:13] EDIT pluralsight/views/basics/request_vars.html: 0
[2017-07-14 20:17:05] EDIT pluralsight/views/basics/request_vars.html: 0
[2017-07-14 20:19:43] EDIT pluralsight/controllers/basics.py: 10
[2017-07-14 20:19:51] EDIT pluralsight/controllers/basics.py: 0
[2017-07-14 20:20:23] CREATE basics/request_object.html: 0
[2017-07-14 20:22:34] EDIT pluralsight/views/basics/request_object.html: 9
[2017-07-14 20:23:23] EDIT pluralsight/views/basics/request_object.html: 0
[2017-07-14 20:24:16] EDIT pluralsight/controllers/basics.py: 0
[2017-07-14 20:26:43] EDIT pluralsight/controllers/basics.py: 0
[2017-07-14 20:28:48] EDIT pluralsight/views/basics/request_object.html: 0
[2017-07-17 12:48:52] EDIT pluralsight/controllers/basics.py: 1
[2017-07-17 12:50:05] EDIT pluralsight/controllers/basics.py: -1
[2017-07-17 12:50:53] EDIT pluralsight/controllers/basics.py: 0
[2017-07-17 12:51:38] EDIT pluralsight/controllers/basics.py: 1
[2017-07-17 12:57:01] EDIT pluralsight/controllers/basics.py: 12
[2017-07-17 12:57:20] EDIT pluralsight/controllers/basics.py: 0
[2017-07-17 12:57:37] CREATE basics/random_number.html: 0
[2017-07-17 12:59:03] EDIT pluralsight/views/basics/random_number.html: 5
[2017-07-17 15:13:24] EDIT pluralsight/models/db.py: 8
[2017-07-17 15:17:02] EDIT pluralsight/models/db.py: 0
[2017-07-17 15:18:30] EDIT pluralsight/models/db.py: 0
[2017-07-17 15:19:20] EDIT pluralsight/models/db.py: 0
[2017-07-17 15:19:42] EDIT pluralsight/models/db.py: 0
[2017-07-17 15:20:10] EDIT pluralsight/models/db.py: -7
[2017-07-17 15:21:41] EDIT pluralsight/models/db.py: 2
[2017-07-17 15:21:52] EDIT pluralsight/models/db.py: 0
[2017-07-17 15:22:05] EDIT pluralsight/models/db.py: 0
[2017-07-17 15:22:24] EDIT pluralsight/models/db.py: 0
[2017-07-17 15:22:26] EDIT pluralsight/models/db.py: 0
[2017-07-17 15:22:34] EDIT pluralsight/models/db.py: -1
[2017-07-17 15:23:03] EDIT pluralsight/models/db.py: 1
[2017-07-17 15:23:10] EDIT pluralsight/models/db.py: 0
[2017-07-17 15:23:12] EDIT pluralsight/models/db.py: 0
[2017-07-17 15:23:18] EDIT pluralsight/models/db.py: 0
[2017-07-17 15:23:32] EDIT pluralsight/models/db.py: -1
[2017-07-17 15:23:34] EDIT pluralsight/models/db.py: 0
[2017-07-17 15:23:35] EDIT pluralsight/models/db.py: 0
[2017-07-17 15:23:36] EDIT pluralsight/models/db.py: 0
[2017-07-17 15:23:48] EDIT pluralsight/models/db.py: -1
[2017-07-17 15:24:05] EDIT pluralsight/models/db.py: 0
[2017-07-17 15:24:20] EDIT pluralsight/models/db.py: 0
[2017-07-17 15:24:47] EDIT pluralsight/models/db.py: 0
[2017-07-17 15:25:01] EDIT pluralsight/models/db.py: 0
[2017-07-17 15:25:50] EDIT pluralsight/models/db.py: 0
[2017-07-17 15:26:02] EDIT pluralsight/models/db.py: 1
[2017-07-17 15:26:07] EDIT pluralsight/models/db.py: 1
[2017-07-17 15:26:11] EDIT pluralsight/models/db.py: 1
[2017-07-17 15:26:16] EDIT pluralsight/models/db.py: 1
[2017-07-17 15:27:12] EDIT pluralsight/models/db.py: 2
[2017-07-17 15:27:49] EDIT pluralsight/models/db.py: 1
[2017-07-17 15:42:57] CREATE blog.py: 0
[2017-07-17 15:43:59] EDIT pluralsight/controllers/blog.py: 3
[2017-07-17 15:45:00] EDIT pluralsight/controllers/blog.py: 3
[2017-07-17 15:45:11] EDIT pluralsight/controllers/blog.py: 0
[2017-07-17 15:46:25] CREATE blog/post.html: 0
[2017-07-17 15:46:57] EDIT pluralsight/views/blog/post.html: 0
[2017-07-17 15:47:03] EDIT pluralsight/views/blog/post.html: 0
[2017-07-17 15:53:00] EDIT pluralsight/controllers/blog.py: 7
[2017-07-17 15:53:11] EDIT pluralsight/controllers/blog.py: 0
[2017-07-17 15:54:23] EDIT pluralsight/controllers/blog.py: 0
[2017-07-17 16:03:54] CREATE blog/display_form.html: 0
[2017-07-17 16:04:36] EDIT pluralsight/views/blog/display_form.html: 0
[2017-07-17 16:05:33] EDIT pluralsight/controllers/blog.py: 2
[2017-07-17 16:05:54] CREATE blog/thanks.html: 0
[2017-07-17 16:06:16] EDIT pluralsight/views/blog/thanks.html: -1
[2017-07-17 16:09:25] EDIT pluralsight/controllers/blog.py: 8
[2017-07-17 16:10:30] CREATE blog/update.html: 0
[2017-07-17 16:10:51] EDIT pluralsight/views/blog/update.html: 0
[2017-07-17 16:12:29] CREATE blog/view.html: 0
[2017-07-17 16:18:12] EDIT pluralsight/views/blog/view.html: 13
[2017-07-17 16:20:09] EDIT pluralsight/views/blog/view.html: 0
[2017-07-17 16:20:10] EDIT pluralsight/views/blog/view.html: 0
[2017-07-17 16:22:44] EDIT pluralsight/controllers/blog.py: 1
[2017-07-18 12:05:14] EDIT pluralsight/models/db.py: 14
[2017-07-18 12:15:32] EDIT pluralsight/models/db.py: -14
[2017-07-18 12:15:52] EDIT pluralsight/models/db.py: 14
[2017-07-18 12:24:33] EDIT pluralsight/models/db.py: 0
[2017-07-18 12:25:19] EDIT pluralsight/models/db.py: 0
[2017-07-18 12:33:38] EDIT pluralsight/models/db.py: 0
[2017-07-20 12:03:51] CREATE contacts.py: 0
[2017-07-20 12:04:27] EDIT pluralsight/controllers/contacts.py: 3
