timestamp: 2017-07-14T19:27:18.066000
CREATE TABLE "auth_user"(
    "id" INTEGER PRIMARY KEY AUTOINCREMENT,
    "first_name" CHAR(128),
    "last_name" CHAR(128),
    "email" CHAR(512),
    "password" CHAR(512),
    "registration_key" CHAR(512),
    "reset_password_key" CHAR(512),
    "registration_id" CHAR(512)
);
success!
timestamp: 2017-07-14T19:27:18.112000
CREATE TABLE "auth_group"(
    "id" INTEGER PRIMARY KEY AUTOINCREMENT,
    "role" CHAR(512),
    "description" TEXT
);
success!
timestamp: 2017-07-14T19:27:18.141000
CREATE TABLE "auth_membership"(
    "id" INTEGER PRIMARY KEY AUTOINCREMENT,
    "user_id" INTEGER REFERENCES "auth_user" ("id") ON DELETE CASCADE  ,
    "group_id" INTEGER REFERENCES "auth_group" ("id") ON DELETE CASCADE  
);
success!
timestamp: 2017-07-14T19:27:18.172000
CREATE TABLE "auth_permission"(
    "id" INTEGER PRIMARY KEY AUTOINCREMENT,
    "group_id" INTEGER REFERENCES "auth_group" ("id") ON DELETE CASCADE  ,
    "name" CHAR(512),
    "table_name" CHAR(512),
    "record_id" INTEGER
);
success!
timestamp: 2017-07-14T19:27:18.203000
CREATE TABLE "auth_event"(
    "id" INTEGER PRIMARY KEY AUTOINCREMENT,
    "time_stamp" TIMESTAMP,
    "client_ip" CHAR(512),
    "user_id" INTEGER REFERENCES "auth_user" ("id") ON DELETE CASCADE  ,
    "origin" CHAR(512),
    "description" TEXT
);
success!
timestamp: 2017-07-14T19:27:18.236000
CREATE TABLE "auth_cas"(
    "id" INTEGER PRIMARY KEY AUTOINCREMENT,
    "user_id" INTEGER REFERENCES "auth_user" ("id") ON DELETE CASCADE  ,
    "created_on" TIMESTAMP,
    "service" CHAR(512),
    "ticket" CHAR(512),
    "renew" CHAR(1)
);
success!
timestamp: 2017-07-17T15:20:34.190000
CREATE TABLE "blog"(
    "id" INTEGER PRIMARY KEY AUTOINCREMENT
);
success!
timestamp: 2017-07-17T15:24:33.898000
ALTER TABLE "blog" ADD "blog_title" CHAR(512);
timestamp: 2017-07-17T15:24:33.938000
ALTER TABLE "blog" ADD "blog_details" TEXT;
success!
timestamp: 2017-07-17T15:26:34.031000
ALTER TABLE "blog" ADD "blog_image" CHAR(512);
success!
timestamp: 2017-07-17T15:27:34.314000
ALTER TABLE "blog" ADD "blog_url" CHAR(512);
timestamp: 2017-07-17T15:27:34.335000
ALTER TABLE "blog" ADD "blog_category" CHAR(512);
success!
timestamp: 2017-07-17T15:28:34.186000
ALTER TABLE "blog" ADD "blog_date_posted" DATE;
success!
timestamp: 2017-07-18T12:05:31.014000
CREATE TABLE "contacts"(
    "id" INTEGER PRIMARY KEY AUTOINCREMENT,
    "first_name" CHAR(512),
    "last_name" CHAR(512),
    "company_name" CHAR(512),
    "address" CHAR(512),
    "city" CHAR(512),
    "county" CHAR(512),
    "state_name" CHAR(512),
    "zip" CHAR(512),
    "phone1" CHAR(512),
    "phone2" CHAR(512),
    "email" CHAR(512),
    "web" CHAR(512)
);
success!
